/Users/andrewdoherty/Desktop/Coding/World Cup Alpha/.venv/lib/python3.9/site-packages/urllib3/__init__.py:35: NotOpenSSLWarning: urllib3 v2 only supports OpenSSL 1.1.1+, currently the 'ssl' module is compiled with 'LibreSSL 2.8.3'. See: https://github.com/urllib3/urllib3/issues/3020
  warnings.warn(
odds pull failed; backing off for idle interval
Traceback (most recent call last):
  File "/Users/andrewdoherty/Desktop/Coding/World Cup Alpha/scripts/wca_snapshotd.py", line 190, in poll_once
    df, quota = theoddsapi.get_odds(
  File "/Users/andrewdoherty/Desktop/Coding/World Cup Alpha/src/wca/data/theoddsapi.py", line 136, in get_odds
    resp.raise_for_status()
  File "/Users/andrewdoherty/Desktop/Coding/World Cup Alpha/.venv/lib/python3.9/site-packages/requests/models.py", line 1026, in raise_for_status
    raise HTTPError(http_error_msg, response=self)
requests.exceptions.HTTPError: 422 Client Error: Unprocessable Entity for url: https://api.the-odds-api.com/v4/sports/soccer_fifa_world_cup/odds?apiKey=0d3c2a3c25f5d91cafd505f46acbfaf8&regions=uk&markets=h2h%2Ctotals%2Cbtts&oddsFormat=decimal&dateFormat=iso
received signal 15; shutting down after current sleep
/Users/andrewdoherty/Desktop/Coding/World Cup Alpha/.venv/lib/python3.9/site-packages/urllib3/__init__.py:35: NotOpenSSLWarning: urllib3 v2 only supports OpenSSL 1.1.1+, currently the 'ssl' module is compiled with 'LibreSSL 2.8.3'. See: https://github.com/urllib3/urllib3/issues/3020
  warnings.warn(
/Users/andrewdoherty/Desktop/Coding/World Cup Alpha/scripts/wca_snapshotd.py:236: FutureWarning: The behavior of DataFrame concatenation with empty or all-NA entries is deprecated. In a future version, this will no longer exclude empty or all-NA columns when determining the result dtypes. To retain the old behavior, exclude the relevant entries before the concat operation.
  df = pd.concat([df, _pull_event_markets(df)], ignore_index=True)
Source 'theoddsapi' inserted 4279 rows.
2026-06-12T14:39:53.118324+00:00 polled, quota=19035, rows=4279, next in 3600s (idle)
event-market pull failed for c12986f447a515fbe641addd786dbb24 (skipping)
Traceback (most recent call last):
  File "/Users/andrewdoherty/Desktop/Coding/World Cup Alpha/.venv/lib/python3.9/site-packages/urllib3/connectionpool.py", line 464, in _make_request
    self._validate_conn(conn)
  File "/Users/andrewdoherty/Desktop/Coding/World Cup Alpha/.venv/lib/python3.9/site-packages/urllib3/connectionpool.py", line 1093, in _validate_conn
    conn.connect()
  File "/Users/andrewdoherty/Desktop/Coding/World Cup Alpha/.venv/lib/python3.9/site-packages/urllib3/connection.py", line 796, in connect
    sock_and_verified = _ssl_wrap_socket_and_match_hostname(
  File "/Users/andrewdoherty/Desktop/Coding/World Cup Alpha/.venv/lib/python3.9/site-packages/urllib3/connection.py", line 975, in _ssl_wrap_socket_and_match_hostname
    ssl_sock = ssl_wrap_socket(
  File "/Users/andrewdoherty/Desktop/Coding/World Cup Alpha/.venv/lib/python3.9/site-packages/urllib3/util/ssl_.py", line 483, in ssl_wrap_socket
    ssl_sock = _ssl_wrap_socket_impl(sock, context, tls_in_tls, server_hostname)
  File "/Users/andrewdoherty/Desktop/Coding/World Cup Alpha/.venv/lib/python3.9/site-packages/urllib3/util/ssl_.py", line 527, in _ssl_wrap_socket_impl
    return ssl_context.wrap_socket(sock, server_hostname=server_hostname)
  File "/Library/Developer/CommandLineTools/Library/Frameworks/Python3.framework/Versions/3.9/lib/python3.9/ssl.py", line 500, in wrap_socket
    return self.sslsocket_class._create(
  File "/Library/Developer/CommandLineTools/Library/Frameworks/Python3.framework/Versions/3.9/lib/python3.9/ssl.py", line 1040, in _create
    self.do_handshake()
  File "/Library/Developer/CommandLineTools/Library/Frameworks/Python3.framework/Versions/3.9/lib/python3.9/ssl.py", line 1309, in do_handshake
    self._sslobj.do_handshake()
socket.timeout: _ssl.c:1112: The handshake operation timed out

The above exception was the direct cause of the following exception:

Traceback (most recent call last):
  File "/Users/andrewdoherty/Desktop/Coding/World Cup Alpha/.venv/lib/python3.9/site-packages/requests/adapters.py", line 644, in send
    resp = conn.urlopen(
  File "/Users/andrewdoherty/Desktop/Coding/World Cup Alpha/.venv/lib/python3.9/site-packages/urllib3/connectionpool.py", line 841, in urlopen
    retries = retries.increment(
  File "/Users/andrewdoherty/Desktop/Coding/World Cup Alpha/.venv/lib/python3.9/site-packages/urllib3/util/retry.py", line 490, in increment
    raise reraise(type(error), error, _stacktrace)
  File "/Users/andrewdoherty/Desktop/Coding/World Cup Alpha/.venv/lib/python3.9/site-packages/urllib3/util/util.py", line 39, in reraise
    raise value
  File "/Users/andrewdoherty/Desktop/Coding/World Cup Alpha/.venv/lib/python3.9/site-packages/urllib3/connectionpool.py", line 787, in urlopen
    response = self._make_request(
  File "/Users/andrewdoherty/Desktop/Coding/World Cup Alpha/.venv/lib/python3.9/site-packages/urllib3/connectionpool.py", line 488, in _make_request
    raise new_e
  File "/Users/andrewdoherty/Desktop/Coding/World Cup Alpha/.venv/lib/python3.9/site-packages/urllib3/connectionpool.py", line 466, in _make_request
    self._raise_timeout(err=e, url=url, timeout_value=conn.timeout)
  File "/Users/andrewdoherty/Desktop/Coding/World Cup Alpha/.venv/lib/python3.9/site-packages/urllib3/connectionpool.py", line 367, in _raise_timeout
    raise ReadTimeoutError(
urllib3.exceptions.ReadTimeoutError: HTTPSConnectionPool(host='api.the-odds-api.com', port=443): Read timed out. (read timeout=20)

During handling of the above exception, another exception occurred:

Traceback (most recent call last):
  File "/Users/andrewdoherty/Desktop/Coding/World Cup Alpha/scripts/wca_snapshotd.py", line 196, in _pull_event_markets
    df, _ = theoddsapi.get_event_odds(
  File "/Users/andrewdoherty/Desktop/Coding/World Cup Alpha/src/wca/data/theoddsapi.py", line 183, in get_event_odds
    resp = requests.get(
  File "/Users/andrewdoherty/Desktop/Coding/World Cup Alpha/.venv/lib/python3.9/site-packages/requests/api.py", line 73, in get
    return request("get", url, params=params, **kwargs)
  File "/Users/andrewdoherty/Desktop/Coding/World Cup Alpha/.venv/lib/python3.9/site-packages/requests/api.py", line 59, in request
    return session.request(method=method, url=url, **kwargs)
  File "/Users/andrewdoherty/Desktop/Coding/World Cup Alpha/.venv/lib/python3.9/site-packages/requests/sessions.py", line 589, in request
    resp = self.send(prep, **send_kwargs)
  File "/Users/andrewdoherty/Desktop/Coding/World Cup Alpha/.venv/lib/python3.9/site-packages/requests/sessions.py", line 703, in send
    r = adapter.send(request, **kwargs)
  File "/Users/andrewdoherty/Desktop/Coding/World Cup Alpha/.venv/lib/python3.9/site-packages/requests/adapters.py", line 690, in send
    raise ReadTimeout(e, request=request)
requests.exceptions.ReadTimeout: HTTPSConnectionPool(host='api.the-odds-api.com', port=443): Read timed out. (read timeout=20)
/Users/andrewdoherty/Desktop/Coding/World Cup Alpha/scripts/wca_snapshotd.py:236: FutureWarning: The behavior of DataFrame concatenation with empty or all-NA entries is deprecated. In a future version, this will no longer exclude empty or all-NA columns when determining the result dtypes. To retain the old behavior, exclude the relevant entries before the concat operation.
  df = pd.concat([df, _pull_event_markets(df)], ignore_index=True)
Source 'theoddsapi' inserted 4265 rows.
2026-06-12T15:40:15.543544+00:00 polled, quota=19023, rows=4265, next in 3600s (idle)
/Users/andrewdoherty/Desktop/Coding/World Cup Alpha/scripts/wca_snapshotd.py:236: FutureWarning: The behavior of DataFrame concatenation with empty or all-NA entries is deprecated. In a future version, this will no longer exclude empty or all-NA columns when determining the result dtypes. To retain the old behavior, exclude the relevant entries before the concat operation.
  df = pd.concat([df, _pull_event_markets(df)], ignore_index=True)
Source 'theoddsapi' inserted 4303 rows.
2026-06-12T16:42:07.352631+00:00 polled, quota=19016, rows=4303, next in 3600s (idle)
